SF:vaquita-pool/src/lib.rs
FN:148,_RNCNvMs4_Csfgh6le1WWC0_12vaquita_poolNtB7_11VaquitaPool8withdraw0B7_
FN:184,_RNCNvMs4_Csfgh6le1WWC0_12vaquita_poolNtB7_11VaquitaPool8withdraws_0B7_
FN:290,_RNvMCsfgh6le1WWC0_12vaquita_poolNtB2_11VaquitaPool21test_calculate_reward
FN:23,_RNvMs4_Csfgh6le1WWC0_12vaquita_poolNtB5_11VaquitaPool10initialize
FN:239,_RNvMs4_Csfgh6le1WWC0_12vaquita_poolNtB5_11VaquitaPool11add_rewards
FN:279,_RNvMs4_Csfgh6le1WWC0_12vaquita_poolNtB5_11VaquitaPool12get_position
FN:46,_RNvMs4_Csfgh6le1WWC0_12vaquita_poolNtB5_11VaquitaPool13require_owner
FN:269,_RNvMs4_Csfgh6le1WWC0_12vaquita_poolNtB5_11VaquitaPool15add_lock_period
FN:283,_RNvMs4_Csfgh6le1WWC0_12vaquita_poolNtB5_11VaquitaPool15get_period_data
FN:217,_RNvMs4_Csfgh6le1WWC0_12vaquita_poolNtB5_11VaquitaPool16calculate_reward
FN:225,_RNvMs4_Csfgh6le1WWC0_12vaquita_poolNtB5_11VaquitaPool22withdraw_protocol_fees
FN:260,_RNvMs4_Csfgh6le1WWC0_12vaquita_poolNtB5_11VaquitaPool27update_early_withdrawal_fee
FN:54,_RNvMs4_Csfgh6le1WWC0_12vaquita_poolNtB5_11VaquitaPool7deposit
FN:144,_RNvMs4_Csfgh6le1WWC0_12vaquita_poolNtB5_11VaquitaPool8withdraw
FNDA:1,_RNCNvMs4_Csfgh6le1WWC0_12vaquita_poolNtB7_11VaquitaPool8withdraw0B7_
FNDA:0,_RNCNvMs4_Csfgh6le1WWC0_12vaquita_poolNtB7_11VaquitaPool8withdraws_0B7_
FNDA:1,_RNvMCsfgh6le1WWC0_12vaquita_poolNtB2_11VaquitaPool21test_calculate_reward
FNDA:21,_RNvMs4_Csfgh6le1WWC0_12vaquita_poolNtB5_11VaquitaPool10initialize
FNDA:3,_RNvMs4_Csfgh6le1WWC0_12vaquita_poolNtB5_11VaquitaPool11add_rewards
FNDA:3,_RNvMs4_Csfgh6le1WWC0_12vaquita_poolNtB5_11VaquitaPool12get_position
FNDA:12,_RNvMs4_Csfgh6le1WWC0_12vaquita_poolNtB5_11VaquitaPool13require_owner
FNDA:3,_RNvMs4_Csfgh6le1WWC0_12vaquita_poolNtB5_11VaquitaPool15add_lock_period
FNDA:5,_RNvMs4_Csfgh6le1WWC0_12vaquita_poolNtB5_11VaquitaPool15get_period_data
FNDA:6,_RNvMs4_Csfgh6le1WWC0_12vaquita_poolNtB5_11VaquitaPool16calculate_reward
FNDA:3,_RNvMs4_Csfgh6le1WWC0_12vaquita_poolNtB5_11VaquitaPool22withdraw_protocol_fees
FNDA:3,_RNvMs4_Csfgh6le1WWC0_12vaquita_poolNtB5_11VaquitaPool27update_early_withdrawal_fee
FNDA:16,_RNvMs4_Csfgh6le1WWC0_12vaquita_poolNtB5_11VaquitaPool7deposit
FNDA:10,_RNvMs4_Csfgh6le1WWC0_12vaquita_poolNtB5_11VaquitaPool8withdraw
FNF:14
FNH:13
DA:23,21
DA:24,21
DA:25,21
DA:26,21
DA:27,21
DA:28,21
DA:29,21
DA:30,21
DA:31,1
DA:32,20
DA:33,20
DA:34,20
DA:35,20
DA:36,20
DA:37,20
DA:38,20
DA:40,20
DA:41,20
DA:42,20
DA:43,20
DA:46,12
DA:47,12
DA:48,12
DA:49,1
DA:50,11
DA:51,11
DA:54,16
DA:55,16
DA:57,16
DA:58,1
DA:59,15
DA:60,15
DA:61,1
DA:62,14
DA:63,14
DA:64,14
DA:65,14
DA:66,14
DA:67,1
DA:68,13
DA:70,13
DA:71,13
DA:72,13
DA:73,13
DA:76,13
DA:77,13
DA:79,13
DA:80,13
DA:85,13
DA:86,13
DA:87,13
DA:88,13
DA:89,13
DA:90,13
DA:91,13
DA:92,13
DA:93,13
DA:94,13
DA:95,13
DA:96,13
DA:97,13
DA:98,13
DA:99,13
DA:105,13
DA:106,13
DA:107,13
DA:108,13
DA:109,13
DA:110,13
DA:111,13
DA:112,13
DA:113,13
DA:114,13
DA:115,1
DA:116,12
DA:117,12
DA:118,12
DA:119,1
DA:120,11
DA:122,11
DA:123,11
DA:124,11
DA:125,11
DA:126,11
DA:127,11
DA:128,11
DA:129,11
DA:131,11
DA:132,11
DA:133,11
DA:134,11
DA:135,11
DA:137,11
DA:138,11
DA:139,11
DA:141,11
DA:144,10
DA:145,10
DA:147,10
DA:148,10
DA:150,10
DA:151,2
DA:152,8
DA:154,8
DA:155,8
DA:156,8
DA:161,8
DA:162,8
DA:163,8
DA:164,8
DA:165,8
DA:167,8
DA:172,8
DA:173,1
DA:175,7
DA:178,8
DA:179,8
DA:180,8
DA:182,8
DA:183,8
DA:184,8
DA:186,8
DA:187,3
DA:188,3
DA:189,3
DA:190,3
DA:191,3
DA:192,3
DA:193,3
DA:194,3
DA:195,3
DA:196,3
DA:197,5
DA:198,5
DA:199,5
DA:200,5
DA:201,5
DA:202,5
DA:204,8
DA:205,8
DA:207,8
DA:208,8
DA:209,8
DA:211,8
DA:212,8
DA:213,8
DA:215,8
DA:217,6
DA:218,6
DA:219,1
DA:220,5
DA:221,5
DA:222,6
DA:225,3
DA:226,3
DA:227,3
DA:228,3
DA:229,3
DA:230,3
DA:232,3
DA:233,1
DA:234,1
DA:235,1
DA:236,2
DA:237,3
DA:239,3
DA:240,3
DA:241,3
DA:243,3
DA:244,3
DA:245,3
DA:246,3
DA:248,3
DA:249,3
DA:250,1
DA:251,2
DA:252,2
DA:253,2
DA:254,2
DA:255,2
DA:256,2
DA:257,2
DA:258,2
DA:260,3
DA:261,3
DA:262,3
DA:263,3
DA:264,1
DA:265,2
DA:266,2
DA:267,2
DA:269,3
DA:270,3
DA:271,3
DA:272,3
DA:273,1
DA:274,2
DA:275,2
DA:276,2
DA:279,3
DA:280,3
DA:281,3
DA:283,5
DA:284,5
DA:285,5
DA:290,1
DA:291,1
DA:292,1
BRF:0
BRH:0
LF:210
LH:209
end_of_record