SF:/Users/flaura-macbook/_projects/stellar/contracts/vaquita-pool/src/defindex_vault.rs
FN:1,_RNvXs15_NtCsfgh6le1WWC0_12vaquita_pool14defindex_vaultNtNtNtCsdg8vN4VxK8K_11stellar_xdr4curr9generated5ScValINtNtCs3jiI88Gf6x3_4core7convert7TryFromRNtB6_16SwapExactInEventE8try_from
FN:1,_RNvXs1O_NtCsfgh6le1WWC0_12vaquita_pool14defindex_vaultNtNtNtCsdg8vN4VxK8K_11stellar_xdr4curr9generated5ScValINtNtCs3jiI88Gf6x3_4core7convert7TryFromRNtB6_18VaultWithdrawEventE8try_from
FN:1,_RNvXs1k_NtCsfgh6le1WWC0_12vaquita_pool14defindex_vaultNtNtNtCsdg8vN4VxK8K_11stellar_xdr4curr9generated5ScValINtNtCs3jiI88Gf6x3_4core7convert7TryFromRNtB6_17SwapExactOutEventE8try_from
FN:1,_RNvXs1z_NtCsfgh6le1WWC0_12vaquita_pool14defindex_vaultNtNtNtCsdg8vN4VxK8K_11stellar_xdr4curr9generated5ScValINtNtCs3jiI88Gf6x3_4core7convert7TryFromRNtB6_17VaultDepositEventE8try_from
FN:1,_RNvXs23_NtCsfgh6le1WWC0_12vaquita_pool14defindex_vaultNtNtNtCsdg8vN4VxK8K_11stellar_xdr4curr9generated5ScValINtNtCs3jiI88Gf6x3_4core7convert7TryFromRNtB6_19ManagerChangedEventE8try_from
FN:1,_RNvXs2M_NtCsfgh6le1WWC0_12vaquita_pool14defindex_vaultNtNtNtCsdg8vN4VxK8K_11stellar_xdr4curr9generated5ScValINtNtCs3jiI88Gf6x3_4core7convert7TryFromRNtB6_21StrategyUnpausedEventE8try_from
FN:1,_RNvXs2i_NtCsfgh6le1WWC0_12vaquita_pool14defindex_vaultNtNtNtCsdg8vN4VxK8K_11stellar_xdr4curr9generated5ScValINtNtCs3jiI88Gf6x3_4core7convert7TryFromRNtB6_19StrategyPausedEventE8try_from
FN:1,_RNvXs2x_NtCsfgh6le1WWC0_12vaquita_pool14defindex_vaultNtNtNtCsdg8vN4VxK8K_11stellar_xdr4curr9generated5ScValINtNtCs3jiI88Gf6x3_4core7convert7TryFromRNtB6_20FeesDistributedEventE8try_from
FN:1,_RNvXs31_NtCsfgh6le1WWC0_12vaquita_pool14defindex_vaultNtNtNtCsdg8vN4VxK8K_11stellar_xdr4curr9generated5ScValINtNtCs3jiI88Gf6x3_4core7convert7TryFromRNtB6_22EmergencyWithdrawEventE8try_from
FN:1,_RNvXs3K_NtCsfgh6le1WWC0_12vaquita_pool14defindex_vaultNtNtNtCsdg8vN4VxK8K_11stellar_xdr4curr9generated5ScValINtNtCs3jiI88Gf6x3_4core7convert7TryFromRNtB6_28RebalanceManagerChangedEventE8try_from
FN:1,_RNvXs3Z_NtCsfgh6le1WWC0_12vaquita_pool14defindex_vaultNtNtNtCsdg8vN4VxK8K_11stellar_xdr4curr9generated5ScValINtNtCs3jiI88Gf6x3_4core7convert7TryFromRNtB6_18StrategyAllocationE8try_from
FN:1,_RNvXs3g_NtCsfgh6le1WWC0_12vaquita_pool14defindex_vaultNtNtNtCsdg8vN4VxK8K_11stellar_xdr4curr9generated5ScValINtNtCs3jiI88Gf6x3_4core7convert7TryFromRNtB6_23FeeReceiverChangedEventE8try_from
FN:1,_RNvXs3v_NtCsfgh6le1WWC0_12vaquita_pool14defindex_vaultNtNtNtCsdg8vN4VxK8K_11stellar_xdr4curr9generated5ScValINtNtCs3jiI88Gf6x3_4core7convert7TryFromRNtB6_28EmergencyManagerChangedEventE8try_from
FN:1,_RNvXs4I_NtCsfgh6le1WWC0_12vaquita_pool14defindex_vaultNtNtNtCsdg8vN4VxK8K_11stellar_xdr4curr9generated5ScValINtNtCs3jiI88Gf6x3_4core7convert7TryFromRNtB6_6ReportE8try_from
FN:1,_RNvXs4X_NtCsfgh6le1WWC0_12vaquita_pool14defindex_vaultNtNtNtCsdg8vN4VxK8K_11stellar_xdr4curr9generated5ScValINtNtCs3jiI88Gf6x3_4core7convert7TryFromRNtB6_8StrategyE8try_from
FN:1,_RNvXs4e_NtCsfgh6le1WWC0_12vaquita_pool14defindex_vaultNtNtNtCsdg8vN4VxK8K_11stellar_xdr4curr9generated5ScValINtNtCs3jiI88Gf6x3_4core7convert7TryFromRNtB6_25AssetInvestmentAllocationE8try_from
FN:1,_RNvXs4t_NtCsfgh6le1WWC0_12vaquita_pool14defindex_vaultNtNtNtCsdg8vN4VxK8K_11stellar_xdr4curr9generated5ScValINtNtCs3jiI88Gf6x3_4core7convert7TryFromRNtB6_32CurrentAssetInvestmentAllocationE8try_from
FN:1,_RNvXs5G_NtCsfgh6le1WWC0_12vaquita_pool14defindex_vaultNtNtNtCsdg8vN4VxK8K_11stellar_xdr4curr9generated5ScValINtNtCs3jiI88Gf6x3_4core7convert7TryFromRNtB6_12HarvestEventE8try_from
FN:1,_RNvXs5V_NtCsfgh6le1WWC0_12vaquita_pool14defindex_vaultNtNtNtCsdg8vN4VxK8K_11stellar_xdr4curr9generated5ScValINtNtCs3jiI88Gf6x3_4core7convert7TryFromRNtB6_13WithdrawEventE8try_from
FN:1,_RNvXs5c_NtCsfgh6le1WWC0_12vaquita_pool14defindex_vaultNtNtNtCsdg8vN4VxK8K_11stellar_xdr4curr9generated5ScValINtNtCs3jiI88Gf6x3_4core7convert7TryFromRNtB6_16AssetStrategySetE8try_from
FN:1,_RNvXs5r_NtCsfgh6le1WWC0_12vaquita_pool14defindex_vaultNtNtNtCsdg8vN4VxK8K_11stellar_xdr4curr9generated5ScValINtNtCs3jiI88Gf6x3_4core7convert7TryFromRNtB6_12DepositEventE8try_from
FN:1,_RNvXs6E_NtCsfgh6le1WWC0_12vaquita_pool14defindex_vaultNtNtNtCsdg8vN4VxK8K_11stellar_xdr4curr9generated5ScValINtNtCs3jiI88Gf6x3_4core7convert7TryFromRNtB6_12RolesDataKeyE8try_from
FN:1,_RNvXs6T_NtCsfgh6le1WWC0_12vaquita_pool14defindex_vaultNtNtNtCsdg8vN4VxK8K_11stellar_xdr4curr9generated5ScValINtNtCs3jiI88Gf6x3_4core7convert7TryFromRNtB6_11InstructionE8try_from
FN:1,_RNvXs6a_NtCsfgh6le1WWC0_12vaquita_pool14defindex_vaultNtNtNtCsdg8vN4VxK8K_11stellar_xdr4curr9generated5ScValINtNtCs3jiI88Gf6x3_4core7convert7TryFromRNtB6_13TokenMetadataE8try_from
FN:1,_RNvXs6p_NtCsfgh6le1WWC0_12vaquita_pool14defindex_vaultNtNtNtCsdg8vN4VxK8K_11stellar_xdr4curr9generated5ScValINtNtCs3jiI88Gf6x3_4core7convert7TryFromRNtB6_7DataKeyE8try_from
FN:1,_RNvXs7_NtCsfgh6le1WWC0_12vaquita_pool14defindex_vaultNtNtNtCsdg8vN4VxK8K_11stellar_xdr4curr9generated5ScValINtNtCs3jiI88Gf6x3_4core7convert7TryFromRNtB5_14AllowanceValueE8try_from
FN:1,_RNvXsB_NtCsfgh6le1WWC0_12vaquita_pool14defindex_vaultNtNtNtCsdg8vN4VxK8K_11stellar_xdr4curr9generated5ScValINtNtCs3jiI88Gf6x3_4core7convert7TryFromRNtB5_11InvestEventE8try_from
FN:1,_RNvXsQ_NtCsfgh6le1WWC0_12vaquita_pool14defindex_vaultNtNtNtCsdg8vN4VxK8K_11stellar_xdr4curr9generated5ScValINtNtCs3jiI88Gf6x3_4core7convert7TryFromRNtB5_11UnwindEventE8try_from
FN:1,_RNvXsm_NtCsfgh6le1WWC0_12vaquita_pool14defindex_vaultNtNtNtCsdg8vN4VxK8K_11stellar_xdr4curr9generated5ScValINtNtCs3jiI88Gf6x3_4core7convert7TryFromRNtB5_16AllowanceDataKeyE8try_from
FNDA:0,_RNvXs15_NtCsfgh6le1WWC0_12vaquita_pool14defindex_vaultNtNtNtCsdg8vN4VxK8K_11stellar_xdr4curr9generated5ScValINtNtCs3jiI88Gf6x3_4core7convert7TryFromRNtB6_16SwapExactInEventE8try_from
FNDA:0,_RNvXs1O_NtCsfgh6le1WWC0_12vaquita_pool14defindex_vaultNtNtNtCsdg8vN4VxK8K_11stellar_xdr4curr9generated5ScValINtNtCs3jiI88Gf6x3_4core7convert7TryFromRNtB6_18VaultWithdrawEventE8try_from
FNDA:0,_RNvXs1k_NtCsfgh6le1WWC0_12vaquita_pool14defindex_vaultNtNtNtCsdg8vN4VxK8K_11stellar_xdr4curr9generated5ScValINtNtCs3jiI88Gf6x3_4core7convert7TryFromRNtB6_17SwapExactOutEventE8try_from
FNDA:0,_RNvXs1z_NtCsfgh6le1WWC0_12vaquita_pool14defindex_vaultNtNtNtCsdg8vN4VxK8K_11stellar_xdr4curr9generated5ScValINtNtCs3jiI88Gf6x3_4core7convert7TryFromRNtB6_17VaultDepositEventE8try_from
FNDA:0,_RNvXs23_NtCsfgh6le1WWC0_12vaquita_pool14defindex_vaultNtNtNtCsdg8vN4VxK8K_11stellar_xdr4curr9generated5ScValINtNtCs3jiI88Gf6x3_4core7convert7TryFromRNtB6_19ManagerChangedEventE8try_from
FNDA:0,_RNvXs2M_NtCsfgh6le1WWC0_12vaquita_pool14defindex_vaultNtNtNtCsdg8vN4VxK8K_11stellar_xdr4curr9generated5ScValINtNtCs3jiI88Gf6x3_4core7convert7TryFromRNtB6_21StrategyUnpausedEventE8try_from
FNDA:0,_RNvXs2i_NtCsfgh6le1WWC0_12vaquita_pool14defindex_vaultNtNtNtCsdg8vN4VxK8K_11stellar_xdr4curr9generated5ScValINtNtCs3jiI88Gf6x3_4core7convert7TryFromRNtB6_19StrategyPausedEventE8try_from
FNDA:0,_RNvXs2x_NtCsfgh6le1WWC0_12vaquita_pool14defindex_vaultNtNtNtCsdg8vN4VxK8K_11stellar_xdr4curr9generated5ScValINtNtCs3jiI88Gf6x3_4core7convert7TryFromRNtB6_20FeesDistributedEventE8try_from
FNDA:0,_RNvXs31_NtCsfgh6le1WWC0_12vaquita_pool14defindex_vaultNtNtNtCsdg8vN4VxK8K_11stellar_xdr4curr9generated5ScValINtNtCs3jiI88Gf6x3_4core7convert7TryFromRNtB6_22EmergencyWithdrawEventE8try_from
FNDA:0,_RNvXs3K_NtCsfgh6le1WWC0_12vaquita_pool14defindex_vaultNtNtNtCsdg8vN4VxK8K_11stellar_xdr4curr9generated5ScValINtNtCs3jiI88Gf6x3_4core7convert7TryFromRNtB6_28RebalanceManagerChangedEventE8try_from
FNDA:0,_RNvXs3Z_NtCsfgh6le1WWC0_12vaquita_pool14defindex_vaultNtNtNtCsdg8vN4VxK8K_11stellar_xdr4curr9generated5ScValINtNtCs3jiI88Gf6x3_4core7convert7TryFromRNtB6_18StrategyAllocationE8try_from
FNDA:0,_RNvXs3g_NtCsfgh6le1WWC0_12vaquita_pool14defindex_vaultNtNtNtCsdg8vN4VxK8K_11stellar_xdr4curr9generated5ScValINtNtCs3jiI88Gf6x3_4core7convert7TryFromRNtB6_23FeeReceiverChangedEventE8try_from
FNDA:0,_RNvXs3v_NtCsfgh6le1WWC0_12vaquita_pool14defindex_vaultNtNtNtCsdg8vN4VxK8K_11stellar_xdr4curr9generated5ScValINtNtCs3jiI88Gf6x3_4core7convert7TryFromRNtB6_28EmergencyManagerChangedEventE8try_from
FNDA:0,_RNvXs4I_NtCsfgh6le1WWC0_12vaquita_pool14defindex_vaultNtNtNtCsdg8vN4VxK8K_11stellar_xdr4curr9generated5ScValINtNtCs3jiI88Gf6x3_4core7convert7TryFromRNtB6_6ReportE8try_from
FNDA:0,_RNvXs4X_NtCsfgh6le1WWC0_12vaquita_pool14defindex_vaultNtNtNtCsdg8vN4VxK8K_11stellar_xdr4curr9generated5ScValINtNtCs3jiI88Gf6x3_4core7convert7TryFromRNtB6_8StrategyE8try_from
FNDA:0,_RNvXs4e_NtCsfgh6le1WWC0_12vaquita_pool14defindex_vaultNtNtNtCsdg8vN4VxK8K_11stellar_xdr4curr9generated5ScValINtNtCs3jiI88Gf6x3_4core7convert7TryFromRNtB6_25AssetInvestmentAllocationE8try_from
FNDA:0,_RNvXs4t_NtCsfgh6le1WWC0_12vaquita_pool14defindex_vaultNtNtNtCsdg8vN4VxK8K_11stellar_xdr4curr9generated5ScValINtNtCs3jiI88Gf6x3_4core7convert7TryFromRNtB6_32CurrentAssetInvestmentAllocationE8try_from
FNDA:0,_RNvXs5G_NtCsfgh6le1WWC0_12vaquita_pool14defindex_vaultNtNtNtCsdg8vN4VxK8K_11stellar_xdr4curr9generated5ScValINtNtCs3jiI88Gf6x3_4core7convert7TryFromRNtB6_12HarvestEventE8try_from
FNDA:0,_RNvXs5V_NtCsfgh6le1WWC0_12vaquita_pool14defindex_vaultNtNtNtCsdg8vN4VxK8K_11stellar_xdr4curr9generated5ScValINtNtCs3jiI88Gf6x3_4core7convert7TryFromRNtB6_13WithdrawEventE8try_from
FNDA:0,_RNvXs5c_NtCsfgh6le1WWC0_12vaquita_pool14defindex_vaultNtNtNtCsdg8vN4VxK8K_11stellar_xdr4curr9generated5ScValINtNtCs3jiI88Gf6x3_4core7convert7TryFromRNtB6_16AssetStrategySetE8try_from
FNDA:0,_RNvXs5r_NtCsfgh6le1WWC0_12vaquita_pool14defindex_vaultNtNtNtCsdg8vN4VxK8K_11stellar_xdr4curr9generated5ScValINtNtCs3jiI88Gf6x3_4core7convert7TryFromRNtB6_12DepositEventE8try_from
FNDA:0,_RNvXs6E_NtCsfgh6le1WWC0_12vaquita_pool14defindex_vaultNtNtNtCsdg8vN4VxK8K_11stellar_xdr4curr9generated5ScValINtNtCs3jiI88Gf6x3_4core7convert7TryFromRNtB6_12RolesDataKeyE8try_from
FNDA:0,_RNvXs6T_NtCsfgh6le1WWC0_12vaquita_pool14defindex_vaultNtNtNtCsdg8vN4VxK8K_11stellar_xdr4curr9generated5ScValINtNtCs3jiI88Gf6x3_4core7convert7TryFromRNtB6_11InstructionE8try_from
FNDA:0,_RNvXs6a_NtCsfgh6le1WWC0_12vaquita_pool14defindex_vaultNtNtNtCsdg8vN4VxK8K_11stellar_xdr4curr9generated5ScValINtNtCs3jiI88Gf6x3_4core7convert7TryFromRNtB6_13TokenMetadataE8try_from
FNDA:0,_RNvXs6p_NtCsfgh6le1WWC0_12vaquita_pool14defindex_vaultNtNtNtCsdg8vN4VxK8K_11stellar_xdr4curr9generated5ScValINtNtCs3jiI88Gf6x3_4core7convert7TryFromRNtB6_7DataKeyE8try_from
FNDA:0,_RNvXs7_NtCsfgh6le1WWC0_12vaquita_pool14defindex_vaultNtNtNtCsdg8vN4VxK8K_11stellar_xdr4curr9generated5ScValINtNtCs3jiI88Gf6x3_4core7convert7TryFromRNtB5_14AllowanceValueE8try_from
FNDA:0,_RNvXsB_NtCsfgh6le1WWC0_12vaquita_pool14defindex_vaultNtNtNtCsdg8vN4VxK8K_11stellar_xdr4curr9generated5ScValINtNtCs3jiI88Gf6x3_4core7convert7TryFromRNtB5_11InvestEventE8try_from
FNDA:0,_RNvXsQ_NtCsfgh6le1WWC0_12vaquita_pool14defindex_vaultNtNtNtCsdg8vN4VxK8K_11stellar_xdr4curr9generated5ScValINtNtCs3jiI88Gf6x3_4core7convert7TryFromRNtB5_11UnwindEventE8try_from
FNDA:0,_RNvXsm_NtCsfgh6le1WWC0_12vaquita_pool14defindex_vaultNtNtNtCsdg8vN4VxK8K_11stellar_xdr4curr9generated5ScValINtNtCs3jiI88Gf6x3_4core7convert7TryFromRNtB5_16AllowanceDataKeyE8try_from
FNF:1
FNH:0
DA:1,0
BRF:0
BRH:0
LF:1
LH:0
end_of_record
SF:/Users/flaura-macbook/_projects/stellar/contracts/vaquita-pool/src/lib.rs
FN:177,_RNCNvMsx_Csfgh6le1WWC0_12vaquita_poolNtB7_11VaquitaPool8withdraw0B7_
FN:213,_RNCNvMsx_Csfgh6le1WWC0_12vaquita_poolNtB7_11VaquitaPool8withdraws_0B7_
FN:52,_RNvMsx_Csfgh6le1WWC0_12vaquita_poolNtB5_11VaquitaPool10initialize
FN:268,_RNvMsx_Csfgh6le1WWC0_12vaquita_poolNtB5_11VaquitaPool11add_rewards
FN:308,_RNvMsx_Csfgh6le1WWC0_12vaquita_poolNtB5_11VaquitaPool12get_position
FN:75,_RNvMsx_Csfgh6le1WWC0_12vaquita_poolNtB5_11VaquitaPool13require_owner
FN:298,_RNvMsx_Csfgh6le1WWC0_12vaquita_poolNtB5_11VaquitaPool15add_lock_period
FN:312,_RNvMsx_Csfgh6le1WWC0_12vaquita_poolNtB5_11VaquitaPool15get_period_data
FN:246,_RNvMsx_Csfgh6le1WWC0_12vaquita_poolNtB5_11VaquitaPool16calculate_reward
FN:254,_RNvMsx_Csfgh6le1WWC0_12vaquita_poolNtB5_11VaquitaPool22withdraw_protocol_fees
FN:289,_RNvMsx_Csfgh6le1WWC0_12vaquita_poolNtB5_11VaquitaPool27update_early_withdrawal_fee
FN:83,_RNvMsx_Csfgh6le1WWC0_12vaquita_poolNtB5_11VaquitaPool7deposit
FN:173,_RNvMsx_Csfgh6le1WWC0_12vaquita_poolNtB5_11VaquitaPool8withdraw
FN:14,_RNvXs6_Csfgh6le1WWC0_12vaquita_poolNtNtNtCsdg8vN4VxK8K_11stellar_xdr4curr9generated5ScValINtNtCs3jiI88Gf6x3_4core7convert7TryFromRNtB5_8PositionE8try_from
FN:24,_RNvXsg_Csfgh6le1WWC0_12vaquita_poolNtNtNtCsdg8vN4VxK8K_11stellar_xdr4curr9generated5ScValINtNtCs3jiI88Gf6x3_4core7convert7TryFromRNtB5_6PeriodE8try_from
FN:31,_RNvXsq_Csfgh6le1WWC0_12vaquita_poolNtNtNtCsdg8vN4VxK8K_11stellar_xdr4curr9generated5ScValINtNtCs3jiI88Gf6x3_4core7convert7TryFromRNtB5_7DataKeyE8try_from
FNDA:0,_RNCNvMsx_Csfgh6le1WWC0_12vaquita_poolNtB7_11VaquitaPool8withdraw0B7_
FNDA:0,_RNCNvMsx_Csfgh6le1WWC0_12vaquita_poolNtB7_11VaquitaPool8withdraws_0B7_
FNDA:1,_RNvMsx_Csfgh6le1WWC0_12vaquita_poolNtB5_11VaquitaPool10initialize
FNDA:0,_RNvMsx_Csfgh6le1WWC0_12vaquita_poolNtB5_11VaquitaPool11add_rewards
FNDA:0,_RNvMsx_Csfgh6le1WWC0_12vaquita_poolNtB5_11VaquitaPool12get_position
FNDA:0,_RNvMsx_Csfgh6le1WWC0_12vaquita_poolNtB5_11VaquitaPool13require_owner
FNDA:0,_RNvMsx_Csfgh6le1WWC0_12vaquita_poolNtB5_11VaquitaPool15add_lock_period
FNDA:0,_RNvMsx_Csfgh6le1WWC0_12vaquita_poolNtB5_11VaquitaPool15get_period_data
FNDA:0,_RNvMsx_Csfgh6le1WWC0_12vaquita_poolNtB5_11VaquitaPool16calculate_reward
FNDA:0,_RNvMsx_Csfgh6le1WWC0_12vaquita_poolNtB5_11VaquitaPool22withdraw_protocol_fees
FNDA:0,_RNvMsx_Csfgh6le1WWC0_12vaquita_poolNtB5_11VaquitaPool27update_early_withdrawal_fee
FNDA:1,_RNvMsx_Csfgh6le1WWC0_12vaquita_poolNtB5_11VaquitaPool7deposit
FNDA:1,_RNvMsx_Csfgh6le1WWC0_12vaquita_poolNtB5_11VaquitaPool8withdraw
FNDA:0,_RNvXs6_Csfgh6le1WWC0_12vaquita_poolNtNtNtCsdg8vN4VxK8K_11stellar_xdr4curr9generated5ScValINtNtCs3jiI88Gf6x3_4core7convert7TryFromRNtB5_8PositionE8try_from
FNDA:0,_RNvXsg_Csfgh6le1WWC0_12vaquita_poolNtNtNtCsdg8vN4VxK8K_11stellar_xdr4curr9generated5ScValINtNtCs3jiI88Gf6x3_4core7convert7TryFromRNtB5_6PeriodE8try_from
FNDA:0,_RNvXsq_Csfgh6le1WWC0_12vaquita_poolNtNtNtCsdg8vN4VxK8K_11stellar_xdr4curr9generated5ScValINtNtCs3jiI88Gf6x3_4core7convert7TryFromRNtB5_7DataKeyE8try_from
FNF:16
FNH:3
DA:14,0
DA:24,0
DA:31,0
DA:52,1
DA:53,1
DA:54,1
DA:55,1
DA:56,1
DA:57,1
DA:58,1
DA:59,1
DA:60,0
DA:61,1
DA:62,1
DA:63,1
DA:64,1
DA:65,1
DA:66,1
DA:67,1
DA:69,1
DA:70,1
DA:71,1
DA:72,1
DA:75,0
DA:76,0
DA:77,0
DA:78,0
DA:79,0
DA:80,0
DA:83,1
DA:84,1
DA:86,1
DA:87,0
DA:88,1
DA:89,1
DA:90,0
DA:91,1
DA:92,1
DA:93,1
DA:94,1
DA:95,1
DA:96,0
DA:97,1
DA:99,1
DA:100,1
DA:101,1
DA:102,1
DA:105,1
DA:106,1
DA:108,1
DA:109,1
DA:114,1
DA:115,1
DA:116,1
DA:117,1
DA:118,1
DA:119,1
DA:120,1
DA:121,1
DA:122,1
DA:123,1
DA:124,1
DA:125,1
DA:126,1
DA:127,1
DA:128,1
DA:134,1
DA:135,1
DA:136,1
DA:137,1
DA:138,1
DA:139,1
DA:140,1
DA:141,1
DA:142,1
DA:143,1
DA:144,0
DA:145,1
DA:146,1
DA:147,1
DA:148,0
DA:149,1
DA:151,1
DA:152,1
DA:153,1
DA:154,1
DA:155,1
DA:156,1
DA:157,1
DA:158,1
DA:160,1
DA:161,1
DA:162,1
DA:163,1
DA:164,1
DA:166,1
DA:167,1
DA:168,1
DA:170,1
DA:173,1
DA:174,1
DA:176,1
DA:177,1
DA:179,1
DA:180,0
DA:181,1
DA:183,1
DA:184,1
DA:185,1
DA:190,1
DA:191,1
DA:192,1
DA:193,1
DA:194,1
DA:196,1
DA:201,1
DA:202,0
DA:204,1
DA:207,1
DA:208,1
DA:209,1
DA:211,1
DA:212,1
DA:213,1
DA:215,1
DA:216,1
DA:217,1
DA:218,1
DA:219,1
DA:220,1
DA:221,1
DA:222,1
DA:223,1
DA:224,1
DA:225,1
DA:226,1
DA:227,0
DA:228,0
DA:229,0
DA:230,0
DA:231,0
DA:233,1
DA:234,1
DA:236,1
DA:237,1
DA:238,1
DA:240,1
DA:241,1
DA:242,1
DA:244,1
DA:246,0
DA:247,0
DA:248,0
DA:249,0
DA:250,0
DA:251,0
DA:254,0
DA:255,0
DA:256,0
DA:257,0
DA:258,0
DA:259,0
DA:261,0
DA:262,0
DA:263,0
DA:264,0
DA:265,0
DA:266,0
DA:268,0
DA:269,0
DA:270,0
DA:272,0
DA:273,0
DA:274,0
DA:275,0
DA:277,0
DA:278,0
DA:279,0
DA:280,0
DA:281,0
DA:282,0
DA:283,0
DA:284,0
DA:285,0
DA:286,0
DA:287,0
DA:289,0
DA:290,0
DA:291,0
DA:292,0
DA:293,0
DA:294,0
DA:295,0
DA:296,0
DA:298,0
DA:299,0
DA:300,0
DA:301,0
DA:302,0
DA:303,0
DA:304,0
DA:305,0
DA:308,0
DA:309,0
DA:310,0
DA:312,0
DA:313,0
DA:314,0
BRF:0
BRH:0
LF:210
LH:128
end_of_record
SF:/Users/flaura-macbook/_projects/stellar/contracts/vaquita-pool/src/test/blend_fixture.rs
FN:99,_RNvMNtNtCsfgh6le1WWC0_12vaquita_pool4test13blend_fixtureNtB2_12BlendFixture6deploy
FN:41,_RNvNtNtCsfgh6le1WWC0_12vaquita_pool4test13blend_fixture15create_backstop
FN:175,_RNvNtNtCsfgh6le1WWC0_12vaquita_pool4test13blend_fixture17create_blend_pool
FN:75,_RNvNtNtCsfgh6le1WWC0_12vaquita_pool4test13blend_fixture18create_mock_oracle
FN:66,_RNvNtNtCsfgh6le1WWC0_12vaquita_pool4test13blend_fixture19create_pool_factory
FN:35,_RNvXs15_NtNtNtCsfgh6le1WWC0_12vaquita_pool4test13blend_fixture4poolNtNtNtCsdg8vN4VxK8K_11stellar_xdr4curr9generated5ScValINtNtCs3jiI88Gf6x3_4core7convert7TryFromRNtB6_7ReserveE8try_from
FN:17,_RNvXs15_NtNtNtCsfgh6le1WWC0_12vaquita_pool4test13blend_fixture5cometNtNtNtCsdg8vN4VxK8K_11stellar_xdr4curr9generated5ScValINtNtCs3jiI88Gf6x3_4core7convert7TryFromRNtB6_13WithdrawEventE8try_from
FN:21,_RNvXs15_NtNtNtCsfgh6le1WWC0_12vaquita_pool4test13blend_fixture8backstopNtNtNtCsdg8vN4VxK8K_11stellar_xdr4curr9generated5ScValINtNtCs3jiI88Gf6x3_4core7convert7TryFromRNtB6_9PositionsE8try_from
FN:35,_RNvXs1O_NtNtNtCsfgh6le1WWC0_12vaquita_pool4test13blend_fixture4poolNtNtNtCsdg8vN4VxK8K_11stellar_xdr4curr9generated5ScValINtNtCs3jiI88Gf6x3_4core7convert7TryFromRNtB6_18PoolEmissionConfigE8try_from
FN:17,_RNvXs1O_NtNtNtCsfgh6le1WWC0_12vaquita_pool4test13blend_fixture5cometNtNtNtCsdg8vN4VxK8K_11stellar_xdr4curr9generated5ScValINtNtCs3jiI88Gf6x3_4core7convert7TryFromRNtB6_14AllowanceValueE8try_from
FN:21,_RNvXs1O_NtNtNtCsfgh6le1WWC0_12vaquita_pool4test13blend_fixture8backstopNtNtNtCsdg8vN4VxK8K_11stellar_xdr4curr9generated5ScValINtNtCs3jiI88Gf6x3_4core7convert7TryFromRNtB6_16UserEmissionDataE8try_from
FN:35,_RNvXs1k_NtNtNtCsfgh6le1WWC0_12vaquita_pool4test13blend_fixture4poolNtNtNtCsdg8vN4VxK8K_11stellar_xdr4curr9generated5ScValINtNtCs3jiI88Gf6x3_4core7convert7TryFromRNtB6_9PositionsE8try_from
FN:17,_RNvXs1k_NtNtNtCsfgh6le1WWC0_12vaquita_pool4test13blend_fixture5cometNtNtNtCsdg8vN4VxK8K_11stellar_xdr4curr9generated5ScValINtNtCs3jiI88Gf6x3_4core7convert7TryFromRNtB6_6RecordE8try_from
FN:21,_RNvXs1k_NtNtNtCsfgh6le1WWC0_12vaquita_pool4test13blend_fixture8backstopNtNtNtCsdg8vN4VxK8K_11stellar_xdr4curr9generated5ScValINtNtCs3jiI88Gf6x3_4core7convert7TryFromRNtB6_11RzEmissionsE8try_from
FN:35,_RNvXs1z_NtNtNtCsfgh6le1WWC0_12vaquita_pool4test13blend_fixture4poolNtNtNtCsdg8vN4VxK8K_11stellar_xdr4curr9generated5ScValINtNtCs3jiI88Gf6x3_4core7convert7TryFromRNtB6_10PoolConfigE8try_from
FN:17,_RNvXs1z_NtNtNtCsfgh6le1WWC0_12vaquita_pool4test13blend_fixture5cometNtNtNtCsdg8vN4VxK8K_11stellar_xdr4curr9generated5ScValINtNtCs3jiI88Gf6x3_4core7convert7TryFromRNtB6_16AllowanceDataKeyE8try_from
FN:21,_RNvXs1z_NtNtNtCsfgh6le1WWC0_12vaquita_pool4test13blend_fixture8backstopNtNtNtCsdg8vN4VxK8K_11stellar_xdr4curr9generated5ScValINtNtCs3jiI88Gf6x3_4core7convert7TryFromRNtB6_20BackstopEmissionDataE8try_from
FN:35,_RNvXs23_NtNtNtCsfgh6le1WWC0_12vaquita_pool4test13blend_fixture4poolNtNtNtCsdg8vN4VxK8K_11stellar_xdr4curr9generated5ScValINtNtCs3jiI88Gf6x3_4core7convert7TryFromRNtB6_13ReserveConfigE8try_from
FN:17,_RNvXs23_NtNtNtCsfgh6le1WWC0_12vaquita_pool4test13blend_fixture5cometNtNtNtCsdg8vN4VxK8K_11stellar_xdr4curr9generated5ScValINtNtCs3jiI88Gf6x3_4core7convert7TryFromRNtB6_13TokenMetadataE8try_from
FN:21,_RNvXs23_NtNtNtCsfgh6le1WWC0_12vaquita_pool4test13blend_fixture8backstopNtNtNtCsdg8vN4VxK8K_11stellar_xdr4curr9generated5ScValINtNtCs3jiI88Gf6x3_4core7convert7TryFromRNtB6_11PoolUserKeyE8try_from
FN:35,_RNvXs2M_NtNtNtCsfgh6le1WWC0_12vaquita_pool4test13blend_fixture4poolNtNtNtCsdg8vN4VxK8K_11stellar_xdr4curr9generated5ScValINtNtCs3jiI88Gf6x3_4core7convert7TryFromRNtB6_19ReserveEmissionDataE8try_from
FN:35,_RNvXs2i_NtNtNtCsfgh6le1WWC0_12vaquita_pool4test13blend_fixture4poolNtNtNtCsdg8vN4VxK8K_11stellar_xdr4curr9generated5ScValINtNtCs3jiI88Gf6x3_4core7convert7TryFromRNtB6_17QueuedReserveInitE8try_from
FN:17,_RNvXs2i_NtNtNtCsfgh6le1WWC0_12vaquita_pool4test13blend_fixture5cometNtNtNtCsdg8vN4VxK8K_11stellar_xdr4curr9generated5ScValINtNtCs3jiI88Gf6x3_4core7convert7TryFromRNtB6_7DataKeyE8try_from
FN:21,_RNvXs2i_NtNtNtCsfgh6le1WWC0_12vaquita_pool4test13blend_fixture8backstopNtNtNtCsdg8vN4VxK8K_11stellar_xdr4curr9generated5ScValINtNtCs3jiI88Gf6x3_4core7convert7TryFromRNtB6_15BackstopDataKeyE8try_from
FN:35,_RNvXs2x_NtNtNtCsfgh6le1WWC0_12vaquita_pool4test13blend_fixture4poolNtNtNtCsdg8vN4VxK8K_11stellar_xdr4curr9generated5ScValINtNtCs3jiI88Gf6x3_4core7convert7TryFromRNtB6_11ReserveDataE8try_from
FN:17,_RNvXs2x_NtNtNtCsfgh6le1WWC0_12vaquita_pool4test13blend_fixture5cometNtNtNtCsdg8vN4VxK8K_11stellar_xdr4curr9generated5ScValINtNtCs3jiI88Gf6x3_4core7convert7TryFromRNtB6_12DataKeyTokenE8try_from
FN:35,_RNvXs31_NtNtNtCsfgh6le1WWC0_12vaquita_pool4test13blend_fixture4poolNtNtNtCsdg8vN4VxK8K_11stellar_xdr4curr9generated5ScValINtNtCs3jiI88Gf6x3_4core7convert7TryFromRNtB6_16UserEmissionDataE8try_from
FN:35,_RNvXs3K_NtNtNtCsfgh6le1WWC0_12vaquita_pool4test13blend_fixture4poolNtNtNtCsdg8vN4VxK8K_11stellar_xdr4curr9generated5ScValINtNtCs3jiI88Gf6x3_4core7convert7TryFromRNtB6_9PriceDataE8try_from
FN:35,_RNvXs3Z_NtNtNtCsfgh6le1WWC0_12vaquita_pool4test13blend_fixture4poolNtNtNtCsdg8vN4VxK8K_11stellar_xdr4curr9generated5ScValINtNtCs3jiI88Gf6x3_4core7convert7TryFromRNtB6_11PoolDataKeyE8try_from
FN:35,_RNvXs3g_NtNtNtCsfgh6le1WWC0_12vaquita_pool4test13blend_fixture4poolNtNtNtCsdg8vN4VxK8K_11stellar_xdr4curr9generated5ScValINtNtCs3jiI88Gf6x3_4core7convert7TryFromRNtB6_14UserReserveKeyE8try_from
FN:35,_RNvXs3v_NtNtNtCsfgh6le1WWC0_12vaquita_pool4test13blend_fixture4poolNtNtNtCsdg8vN4VxK8K_11stellar_xdr4curr9generated5ScValINtNtCs3jiI88Gf6x3_4core7convert7TryFromRNtB6_10AuctionKeyE8try_from
FN:35,_RNvXs4e_NtNtNtCsfgh6le1WWC0_12vaquita_pool4test13blend_fixture4poolNtNtNtCsdg8vN4VxK8K_11stellar_xdr4curr9generated5ScValINtNtCs3jiI88Gf6x3_4core7convert7TryFromRNtB6_5AssetE8try_from
FN:30,_RNvXs7_NtNtNtCsfgh6le1WWC0_12vaquita_pool4test13blend_fixture12pool_factoryNtNtNtCsdg8vN4VxK8K_11stellar_xdr4curr9generated5ScValINtNtCs3jiI88Gf6x3_4core7convert7TryFromRNtB5_12PoolInitMetaE8try_from
FN:35,_RNvXs7_NtNtNtCsfgh6le1WWC0_12vaquita_pool4test13blend_fixture4poolNtNtNtCsdg8vN4VxK8K_11stellar_xdr4curr9generated5ScValINtNtCs3jiI88Gf6x3_4core7convert7TryFromRNtB5_11AuctionDataE8try_from
FN:17,_RNvXs7_NtNtNtCsfgh6le1WWC0_12vaquita_pool4test13blend_fixture5cometNtNtNtCsdg8vN4VxK8K_11stellar_xdr4curr9generated5ScValINtNtCs3jiI88Gf6x3_4core7convert7TryFromRNtB5_9SwapEventE8try_from
FN:26,_RNvXs7_NtNtNtCsfgh6le1WWC0_12vaquita_pool4test13blend_fixture7emitterNtNtNtCsdg8vN4VxK8K_11stellar_xdr4curr9generated5ScValINtNtCs3jiI88Gf6x3_4core7convert7TryFromRNtB5_4SwapE8try_from
FN:21,_RNvXs7_NtNtNtCsfgh6le1WWC0_12vaquita_pool4test13blend_fixture8backstopNtNtNtCsdg8vN4VxK8K_11stellar_xdr4curr9generated5ScValINtNtCs3jiI88Gf6x3_4core7convert7TryFromRNtB5_16PoolBackstopDataE8try_from
FN:35,_RNvXsB_NtNtNtCsfgh6le1WWC0_12vaquita_pool4test13blend_fixture4poolNtNtNtCsdg8vN4VxK8K_11stellar_xdr4curr9generated5ScValINtNtCs3jiI88Gf6x3_4core7convert7TryFromRNtB5_7RequestE8try_from
FN:17,_RNvXsB_NtNtNtCsfgh6le1WWC0_12vaquita_pool4test13blend_fixture5cometNtNtNtCsdg8vN4VxK8K_11stellar_xdr4curr9generated5ScValINtNtCs3jiI88Gf6x3_4core7convert7TryFromRNtB5_9ExitEventE8try_from
FN:21,_RNvXsB_NtNtNtCsfgh6le1WWC0_12vaquita_pool4test13blend_fixture8backstopNtNtNtCsdg8vN4VxK8K_11stellar_xdr4curr9generated5ScValINtNtCs3jiI88Gf6x3_4core7convert7TryFromRNtB5_3Q4WE8try_from
FN:35,_RNvXsQ_NtNtNtCsfgh6le1WWC0_12vaquita_pool4test13blend_fixture4poolNtNtNtCsdg8vN4VxK8K_11stellar_xdr4curr9generated5ScValINtNtCs3jiI88Gf6x3_4core7convert7TryFromRNtB5_9FlashLoanE8try_from
FN:17,_RNvXsQ_NtNtNtCsfgh6le1WWC0_12vaquita_pool4test13blend_fixture5cometNtNtNtCsdg8vN4VxK8K_11stellar_xdr4curr9generated5ScValINtNtCs3jiI88Gf6x3_4core7convert7TryFromRNtB5_12DepositEventE8try_from
FN:21,_RNvXsQ_NtNtNtCsfgh6le1WWC0_12vaquita_pool4test13blend_fixture8backstopNtNtNtCsdg8vN4VxK8K_11stellar_xdr4curr9generated5ScValINtNtCs3jiI88Gf6x3_4core7convert7TryFromRNtB5_11UserBalanceE8try_from
FN:30,_RNvXsm_NtNtNtCsfgh6le1WWC0_12vaquita_pool4test13blend_fixture12pool_factoryNtNtNtCsdg8vN4VxK8K_11stellar_xdr4curr9generated5ScValINtNtCs3jiI88Gf6x3_4core7convert7TryFromRNtB5_18PoolFactoryDataKeyE8try_from
FN:35,_RNvXsm_NtNtNtCsfgh6le1WWC0_12vaquita_pool4test13blend_fixture4poolNtNtNtCsdg8vN4VxK8K_11stellar_xdr4curr9generated5ScValINtNtCs3jiI88Gf6x3_4core7convert7TryFromRNtB5_23ReserveEmissionMetadataE8try_from
FN:17,_RNvXsm_NtNtNtCsfgh6le1WWC0_12vaquita_pool4test13blend_fixture5cometNtNtNtCsdg8vN4VxK8K_11stellar_xdr4curr9generated5ScValINtNtCs3jiI88Gf6x3_4core7convert7TryFromRNtB5_9JoinEventE8try_from
FN:26,_RNvXsm_NtNtNtCsfgh6le1WWC0_12vaquita_pool4test13blend_fixture7emitterNtNtNtCsdg8vN4VxK8K_11stellar_xdr4curr9generated5ScValINtNtCs3jiI88Gf6x3_4core7convert7TryFromRNtB5_14EmitterDataKeyE8try_from
FN:21,_RNvXsm_NtNtNtCsfgh6le1WWC0_12vaquita_pool4test13blend_fixture8backstopNtNtNtCsdg8vN4VxK8K_11stellar_xdr4curr9generated5ScValINtNtCs3jiI88Gf6x3_4core7convert7TryFromRNtB5_11PoolBalanceE8try_from
FNDA:0,_RNvMNtNtCsfgh6le1WWC0_12vaquita_pool4test13blend_fixtureNtB2_12BlendFixture6deploy
FNDA:0,_RNvNtNtCsfgh6le1WWC0_12vaquita_pool4test13blend_fixture15create_backstop
FNDA:0,_RNvNtNtCsfgh6le1WWC0_12vaquita_pool4test13blend_fixture17create_blend_pool
FNDA:0,_RNvNtNtCsfgh6le1WWC0_12vaquita_pool4test13blend_fixture18create_mock_oracle
FNDA:0,_RNvNtNtCsfgh6le1WWC0_12vaquita_pool4test13blend_fixture19create_pool_factory
FNDA:0,_RNvXs15_NtNtNtCsfgh6le1WWC0_12vaquita_pool4test13blend_fixture4poolNtNtNtCsdg8vN4VxK8K_11stellar_xdr4curr9generated5ScValINtNtCs3jiI88Gf6x3_4core7convert7TryFromRNtB6_7ReserveE8try_from
FNDA:0,_RNvXs15_NtNtNtCsfgh6le1WWC0_12vaquita_pool4test13blend_fixture5cometNtNtNtCsdg8vN4VxK8K_11stellar_xdr4curr9generated5ScValINtNtCs3jiI88Gf6x3_4core7convert7TryFromRNtB6_13WithdrawEventE8try_from
FNDA:0,_RNvXs15_NtNtNtCsfgh6le1WWC0_12vaquita_pool4test13blend_fixture8backstopNtNtNtCsdg8vN4VxK8K_11stellar_xdr4curr9generated5ScValINtNtCs3jiI88Gf6x3_4core7convert7TryFromRNtB6_9PositionsE8try_from
FNDA:0,_RNvXs1O_NtNtNtCsfgh6le1WWC0_12vaquita_pool4test13blend_fixture4poolNtNtNtCsdg8vN4VxK8K_11stellar_xdr4curr9generated5ScValINtNtCs3jiI88Gf6x3_4core7convert7TryFromRNtB6_18PoolEmissionConfigE8try_from
FNDA:0,_RNvXs1O_NtNtNtCsfgh6le1WWC0_12vaquita_pool4test13blend_fixture5cometNtNtNtCsdg8vN4VxK8K_11stellar_xdr4curr9generated5ScValINtNtCs3jiI88Gf6x3_4core7convert7TryFromRNtB6_14AllowanceValueE8try_from
FNDA:0,_RNvXs1O_NtNtNtCsfgh6le1WWC0_12vaquita_pool4test13blend_fixture8backstopNtNtNtCsdg8vN4VxK8K_11stellar_xdr4curr9generated5ScValINtNtCs3jiI88Gf6x3_4core7convert7TryFromRNtB6_16UserEmissionDataE8try_from
FNDA:0,_RNvXs1k_NtNtNtCsfgh6le1WWC0_12vaquita_pool4test13blend_fixture4poolNtNtNtCsdg8vN4VxK8K_11stellar_xdr4curr9generated5ScValINtNtCs3jiI88Gf6x3_4core7convert7TryFromRNtB6_9PositionsE8try_from
FNDA:0,_RNvXs1k_NtNtNtCsfgh6le1WWC0_12vaquita_pool4test13blend_fixture5cometNtNtNtCsdg8vN4VxK8K_11stellar_xdr4curr9generated5ScValINtNtCs3jiI88Gf6x3_4core7convert7TryFromRNtB6_6RecordE8try_from
FNDA:0,_RNvXs1k_NtNtNtCsfgh6le1WWC0_12vaquita_pool4test13blend_fixture8backstopNtNtNtCsdg8vN4VxK8K_11stellar_xdr4curr9generated5ScValINtNtCs3jiI88Gf6x3_4core7convert7TryFromRNtB6_11RzEmissionsE8try_from
FNDA:0,_RNvXs1z_NtNtNtCsfgh6le1WWC0_12vaquita_pool4test13blend_fixture4poolNtNtNtCsdg8vN4VxK8K_11stellar_xdr4curr9generated5ScValINtNtCs3jiI88Gf6x3_4core7convert7TryFromRNtB6_10PoolConfigE8try_from
FNDA:0,_RNvXs1z_NtNtNtCsfgh6le1WWC0_12vaquita_pool4test13blend_fixture5cometNtNtNtCsdg8vN4VxK8K_11stellar_xdr4curr9generated5ScValINtNtCs3jiI88Gf6x3_4core7convert7TryFromRNtB6_16AllowanceDataKeyE8try_from
FNDA:0,_RNvXs1z_NtNtNtCsfgh6le1WWC0_12vaquita_pool4test13blend_fixture8backstopNtNtNtCsdg8vN4VxK8K_11stellar_xdr4curr9generated5ScValINtNtCs3jiI88Gf6x3_4core7convert7TryFromRNtB6_20BackstopEmissionDataE8try_from
FNDA:0,_RNvXs23_NtNtNtCsfgh6le1WWC0_12vaquita_pool4test13blend_fixture4poolNtNtNtCsdg8vN4VxK8K_11stellar_xdr4curr9generated5ScValINtNtCs3jiI88Gf6x3_4core7convert7TryFromRNtB6_13ReserveConfigE8try_from
FNDA:0,_RNvXs23_NtNtNtCsfgh6le1WWC0_12vaquita_pool4test13blend_fixture5cometNtNtNtCsdg8vN4VxK8K_11stellar_xdr4curr9generated5ScValINtNtCs3jiI88Gf6x3_4core7convert7TryFromRNtB6_13TokenMetadataE8try_from
FNDA:0,_RNvXs23_NtNtNtCsfgh6le1WWC0_12vaquita_pool4test13blend_fixture8backstopNtNtNtCsdg8vN4VxK8K_11stellar_xdr4curr9generated5ScValINtNtCs3jiI88Gf6x3_4core7convert7TryFromRNtB6_11PoolUserKeyE8try_from
FNDA:0,_RNvXs2M_NtNtNtCsfgh6le1WWC0_12vaquita_pool4test13blend_fixture4poolNtNtNtCsdg8vN4VxK8K_11stellar_xdr4curr9generated5ScValINtNtCs3jiI88Gf6x3_4core7convert7TryFromRNtB6_19ReserveEmissionDataE8try_from
FNDA:0,_RNvXs2i_NtNtNtCsfgh6le1WWC0_12vaquita_pool4test13blend_fixture4poolNtNtNtCsdg8vN4VxK8K_11stellar_xdr4curr9generated5ScValINtNtCs3jiI88Gf6x3_4core7convert7TryFromRNtB6_17QueuedReserveInitE8try_from
FNDA:0,_RNvXs2i_NtNtNtCsfgh6le1WWC0_12vaquita_pool4test13blend_fixture5cometNtNtNtCsdg8vN4VxK8K_11stellar_xdr4curr9generated5ScValINtNtCs3jiI88Gf6x3_4core7convert7TryFromRNtB6_7DataKeyE8try_from
FNDA:0,_RNvXs2i_NtNtNtCsfgh6le1WWC0_12vaquita_pool4test13blend_fixture8backstopNtNtNtCsdg8vN4VxK8K_11stellar_xdr4curr9generated5ScValINtNtCs3jiI88Gf6x3_4core7convert7TryFromRNtB6_15BackstopDataKeyE8try_from
FNDA:0,_RNvXs2x_NtNtNtCsfgh6le1WWC0_12vaquita_pool4test13blend_fixture4poolNtNtNtCsdg8vN4VxK8K_11stellar_xdr4curr9generated5ScValINtNtCs3jiI88Gf6x3_4core7convert7TryFromRNtB6_11ReserveDataE8try_from
FNDA:0,_RNvXs2x_NtNtNtCsfgh6le1WWC0_12vaquita_pool4test13blend_fixture5cometNtNtNtCsdg8vN4VxK8K_11stellar_xdr4curr9generated5ScValINtNtCs3jiI88Gf6x3_4core7convert7TryFromRNtB6_12DataKeyTokenE8try_from
FNDA:0,_RNvXs31_NtNtNtCsfgh6le1WWC0_12vaquita_pool4test13blend_fixture4poolNtNtNtCsdg8vN4VxK8K_11stellar_xdr4curr9generated5ScValINtNtCs3jiI88Gf6x3_4core7convert7TryFromRNtB6_16UserEmissionDataE8try_from
FNDA:0,_RNvXs3K_NtNtNtCsfgh6le1WWC0_12vaquita_pool4test13blend_fixture4poolNtNtNtCsdg8vN4VxK8K_11stellar_xdr4curr9generated5ScValINtNtCs3jiI88Gf6x3_4core7convert7TryFromRNtB6_9PriceDataE8try_from
FNDA:0,_RNvXs3Z_NtNtNtCsfgh6le1WWC0_12vaquita_pool4test13blend_fixture4poolNtNtNtCsdg8vN4VxK8K_11stellar_xdr4curr9generated5ScValINtNtCs3jiI88Gf6x3_4core7convert7TryFromRNtB6_11PoolDataKeyE8try_from
FNDA:0,_RNvXs3g_NtNtNtCsfgh6le1WWC0_12vaquita_pool4test13blend_fixture4poolNtNtNtCsdg8vN4VxK8K_11stellar_xdr4curr9generated5ScValINtNtCs3jiI88Gf6x3_4core7convert7TryFromRNtB6_14UserReserveKeyE8try_from
FNDA:0,_RNvXs3v_NtNtNtCsfgh6le1WWC0_12vaquita_pool4test13blend_fixture4poolNtNtNtCsdg8vN4VxK8K_11stellar_xdr4curr9generated5ScValINtNtCs3jiI88Gf6x3_4core7convert7TryFromRNtB6_10AuctionKeyE8try_from
FNDA:0,_RNvXs4e_NtNtNtCsfgh6le1WWC0_12vaquita_pool4test13blend_fixture4poolNtNtNtCsdg8vN4VxK8K_11stellar_xdr4curr9generated5ScValINtNtCs3jiI88Gf6x3_4core7convert7TryFromRNtB6_5AssetE8try_from
FNDA:0,_RNvXs7_NtNtNtCsfgh6le1WWC0_12vaquita_pool4test13blend_fixture12pool_factoryNtNtNtCsdg8vN4VxK8K_11stellar_xdr4curr9generated5ScValINtNtCs3jiI88Gf6x3_4core7convert7TryFromRNtB5_12PoolInitMetaE8try_from
FNDA:0,_RNvXs7_NtNtNtCsfgh6le1WWC0_12vaquita_pool4test13blend_fixture4poolNtNtNtCsdg8vN4VxK8K_11stellar_xdr4curr9generated5ScValINtNtCs3jiI88Gf6x3_4core7convert7TryFromRNtB5_11AuctionDataE8try_from
FNDA:0,_RNvXs7_NtNtNtCsfgh6le1WWC0_12vaquita_pool4test13blend_fixture5cometNtNtNtCsdg8vN4VxK8K_11stellar_xdr4curr9generated5ScValINtNtCs3jiI88Gf6x3_4core7convert7TryFromRNtB5_9SwapEventE8try_from
FNDA:0,_RNvXs7_NtNtNtCsfgh6le1WWC0_12vaquita_pool4test13blend_fixture7emitterNtNtNtCsdg8vN4VxK8K_11stellar_xdr4curr9generated5ScValINtNtCs3jiI88Gf6x3_4core7convert7TryFromRNtB5_4SwapE8try_from
FNDA:0,_RNvXs7_NtNtNtCsfgh6le1WWC0_12vaquita_pool4test13blend_fixture8backstopNtNtNtCsdg8vN4VxK8K_11stellar_xdr4curr9generated5ScValINtNtCs3jiI88Gf6x3_4core7convert7TryFromRNtB5_16PoolBackstopDataE8try_from
FNDA:0,_RNvXsB_NtNtNtCsfgh6le1WWC0_12vaquita_pool4test13blend_fixture4poolNtNtNtCsdg8vN4VxK8K_11stellar_xdr4curr9generated5ScValINtNtCs3jiI88Gf6x3_4core7convert7TryFromRNtB5_7RequestE8try_from
FNDA:0,_RNvXsB_NtNtNtCsfgh6le1WWC0_12vaquita_pool4test13blend_fixture5cometNtNtNtCsdg8vN4VxK8K_11stellar_xdr4curr9generated5ScValINtNtCs3jiI88Gf6x3_4core7convert7TryFromRNtB5_9ExitEventE8try_from
FNDA:0,_RNvXsB_NtNtNtCsfgh6le1WWC0_12vaquita_pool4test13blend_fixture8backstopNtNtNtCsdg8vN4VxK8K_11stellar_xdr4curr9generated5ScValINtNtCs3jiI88Gf6x3_4core7convert7TryFromRNtB5_3Q4WE8try_from
FNDA:0,_RNvXsQ_NtNtNtCsfgh6le1WWC0_12vaquita_pool4test13blend_fixture4poolNtNtNtCsdg8vN4VxK8K_11stellar_xdr4curr9generated5ScValINtNtCs3jiI88Gf6x3_4core7convert7TryFromRNtB5_9FlashLoanE8try_from
FNDA:0,_RNvXsQ_NtNtNtCsfgh6le1WWC0_12vaquita_pool4test13blend_fixture5cometNtNtNtCsdg8vN4VxK8K_11stellar_xdr4curr9generated5ScValINtNtCs3jiI88Gf6x3_4core7convert7TryFromRNtB5_12DepositEventE8try_from
FNDA:0,_RNvXsQ_NtNtNtCsfgh6le1WWC0_12vaquita_pool4test13blend_fixture8backstopNtNtNtCsdg8vN4VxK8K_11stellar_xdr4curr9generated5ScValINtNtCs3jiI88Gf6x3_4core7convert7TryFromRNtB5_11UserBalanceE8try_from
FNDA:0,_RNvXsm_NtNtNtCsfgh6le1WWC0_12vaquita_pool4test13blend_fixture12pool_factoryNtNtNtCsdg8vN4VxK8K_11stellar_xdr4curr9generated5ScValINtNtCs3jiI88Gf6x3_4core7convert7TryFromRNtB5_18PoolFactoryDataKeyE8try_from
FNDA:0,_RNvXsm_NtNtNtCsfgh6le1WWC0_12vaquita_pool4test13blend_fixture4poolNtNtNtCsdg8vN4VxK8K_11stellar_xdr4curr9generated5ScValINtNtCs3jiI88Gf6x3_4core7convert7TryFromRNtB5_23ReserveEmissionMetadataE8try_from
FNDA:0,_RNvXsm_NtNtNtCsfgh6le1WWC0_12vaquita_pool4test13blend_fixture5cometNtNtNtCsdg8vN4VxK8K_11stellar_xdr4curr9generated5ScValINtNtCs3jiI88Gf6x3_4core7convert7TryFromRNtB5_9JoinEventE8try_from
FNDA:0,_RNvXsm_NtNtNtCsfgh6le1WWC0_12vaquita_pool4test13blend_fixture7emitterNtNtNtCsdg8vN4VxK8K_11stellar_xdr4curr9generated5ScValINtNtCs3jiI88Gf6x3_4core7convert7TryFromRNtB5_14EmitterDataKeyE8try_from
FNDA:0,_RNvXsm_NtNtNtCsfgh6le1WWC0_12vaquita_pool4test13blend_fixture8backstopNtNtNtCsdg8vN4VxK8K_11stellar_xdr4curr9generated5ScValINtNtCs3jiI88Gf6x3_4core7convert7TryFromRNtB5_11PoolBalanceE8try_from
FNF:10
FNH:0
DA:17,0
DA:21,0
DA:26,0
DA:30,0
DA:35,0
DA:41,0
DA:42,0
DA:43,0
DA:44,0
DA:45,0
DA:46,0
DA:47,0
DA:48,0
DA:49,0
DA:50,0
DA:51,0
DA:52,0
DA:54,0
DA:55,0
DA:56,0
DA:57,0
DA:58,0
DA:59,0
DA:60,0
DA:61,0
DA:63,0
DA:64,0
DA:66,0
DA:67,0
DA:68,0
DA:69,0
DA:70,0
DA:71,0
DA:72,0
DA:73,0
DA:75,0
DA:76,0
DA:77,0
DA:78,0
DA:79,0
DA:80,0
DA:81,0
DA:82,0
DA:99,0
DA:100,0
DA:101,0
DA:102,0
DA:103,0
DA:104,0
DA:105,0
DA:106,0
DA:107,0
DA:109,0
DA:110,0
DA:112,0
DA:113,0
DA:114,0
DA:115,0
DA:116,0
DA:117,0
DA:118,0
DA:119,0
DA:121,0
DA:122,0
DA:123,0
DA:124,0
DA:125,0
DA:126,0
DA:127,0
DA:130,0
DA:131,0
DA:132,0
DA:133,0
DA:136,0
DA:137,0
DA:138,0
DA:139,0
DA:140,0
DA:142,0
DA:144,0
DA:145,0
DA:146,0
DA:147,0
DA:148,0
DA:149,0
DA:150,0
DA:151,0
DA:152,0
DA:155,0
DA:157,0
DA:158,0
DA:159,0
DA:160,0
DA:161,0
DA:163,0
DA:165,0
DA:167,0
DA:168,0
DA:169,0
DA:170,0
DA:171,0
DA:172,0
DA:175,0
DA:176,0
DA:177,0
DA:178,0
DA:179,0
DA:180,0
DA:181,0
DA:182,0
DA:183,0
DA:184,0
DA:186,0
DA:187,0
DA:188,0
DA:189,0
DA:190,0
DA:191,0
DA:192,0
DA:193,0
DA:194,0
DA:195,0
DA:196,0
DA:198,0
DA:200,0
DA:201,0
DA:202,0
DA:203,0
DA:204,0
DA:205,0
DA:206,0
DA:207,0
DA:208,0
DA:210,0
DA:211,0
DA:212,0
DA:213,0
DA:215,0
DA:216,0
DA:217,0
DA:218,0
DA:219,0
DA:220,0
DA:221,0
DA:222,0
DA:223,0
DA:224,0
DA:225,0
DA:226,0
DA:227,0
DA:228,0
DA:229,0
DA:230,0
DA:231,0
DA:232,0
DA:233,0
DA:235,0
DA:236,0
DA:237,0
DA:238,0
DA:239,0
DA:240,0
DA:241,0
DA:242,0
DA:243,0
DA:244,0
DA:245,0
DA:246,0
DA:247,0
DA:248,0
DA:249,0
DA:250,0
DA:251,0
DA:252,0
DA:253,0
DA:254,0
DA:255,0
DA:256,0
DA:258,0
DA:259,0
DA:261,0
DA:263,0
DA:264,0
DA:267,0
DA:269,0
DA:270,0
DA:271,0
DA:272,0
DA:273,0
DA:277,0
DA:278,0
DA:279,0
DA:280,0
DA:281,0
DA:282,0
DA:283,0
DA:284,0
DA:286,0
DA:288,0
DA:289,0
DA:291,0
DA:292,0
DA:293,0
DA:294,0
BRF:0
BRH:0
LF:204
LH:0
end_of_record
SF:/Users/flaura-macbook/_projects/stellar/contracts/vaquita-pool/src/test/mock_defindex_vault.rs
FN:31,_RNvMsc_NtNtCsfgh6le1WWC0_12vaquita_pool4test19mock_defindex_vaultNtB5_17MockDeFindexVault13___constructor
FN:35,_RNvMsc_NtNtCsfgh6le1WWC0_12vaquita_pool4test19mock_defindex_vaultNtB5_17MockDeFindexVault5asset
FN:90,_RNvMsc_NtNtCsfgh6le1WWC0_12vaquita_pool4test19mock_defindex_vaultNtB5_17MockDeFindexVault7balance
FN:39,_RNvMsc_NtNtCsfgh6le1WWC0_12vaquita_pool4test19mock_defindex_vaultNtB5_17MockDeFindexVault7deposit
FN:63,_RNvMsc_NtNtCsfgh6le1WWC0_12vaquita_pool4test19mock_defindex_vaultNtB5_17MockDeFindexVault8withdraw
FN:20,_RNvXs5_NtNtCsfgh6le1WWC0_12vaquita_pool4test19mock_defindex_vaultNtNtNtCsdg8vN4VxK8K_11stellar_xdr4curr9generated5ScValINtNtCs3jiI88Gf6x3_4core7convert7TryFromRNtB5_7DataKeyE8try_from
FNDA:1,_RNvMsc_NtNtCsfgh6le1WWC0_12vaquita_pool4test19mock_defindex_vaultNtB5_17MockDeFindexVault13___constructor
FNDA:0,_RNvMsc_NtNtCsfgh6le1WWC0_12vaquita_pool4test19mock_defindex_vaultNtB5_17MockDeFindexVault5asset
FNDA:2,_RNvMsc_NtNtCsfgh6le1WWC0_12vaquita_pool4test19mock_defindex_vaultNtB5_17MockDeFindexVault7balance
FNDA:1,_RNvMsc_NtNtCsfgh6le1WWC0_12vaquita_pool4test19mock_defindex_vaultNtB5_17MockDeFindexVault7deposit
FNDA:1,_RNvMsc_NtNtCsfgh6le1WWC0_12vaquita_pool4test19mock_defindex_vaultNtB5_17MockDeFindexVault8withdraw
FNDA:0,_RNvXs5_NtNtCsfgh6le1WWC0_12vaquita_pool4test19mock_defindex_vaultNtNtNtCsdg8vN4VxK8K_11stellar_xdr4curr9generated5ScValINtNtCs3jiI88Gf6x3_4core7convert7TryFromRNtB5_7DataKeyE8try_from
FNF:6
FNH:4
DA:20,0
DA:31,1
DA:32,1
DA:33,1
DA:35,0
DA:36,0
DA:37,0
DA:39,1
DA:40,1
DA:41,1
DA:42,1
DA:43,1
DA:44,1
DA:45,1
DA:46,1
DA:47,1
DA:48,1
DA:49,1
DA:50,1
DA:51,1
DA:52,1
DA:53,1
DA:54,1
DA:55,1
DA:56,1
DA:57,1
DA:58,1
DA:59,1
DA:60,1
DA:61,1
DA:63,1
DA:64,1
DA:65,1
DA:66,1
DA:67,1
DA:68,1
DA:69,1
DA:70,1
DA:71,1
DA:72,1
DA:73,1
DA:74,1
DA:75,0
DA:76,1
DA:77,1
DA:78,1
DA:79,1
DA:80,1
DA:81,1
DA:82,1
DA:83,1
DA:84,1
DA:85,1
DA:87,1
DA:88,1
DA:90,2
DA:91,2
DA:92,2
DA:93,2
DA:94,2
DA:95,2
BRF:0
BRH:0
LF:61
LH:56
end_of_record
SF:/Users/flaura-macbook/_projects/stellar/contracts/vaquita-pool/src/test/mod.rs
FN:160,_RNvMsC_NtNtCsfgh6le1WWC0_12vaquita_pool4test8mockpoolNtB5_8MockPool10set_b_rate
FN:165,_RNvMsC_NtNtCsfgh6le1WWC0_12vaquita_pool4test8mockpoolNtB5_8MockPool11get_reserve
FN:156,_RNvMsC_NtNtCsfgh6le1WWC0_12vaquita_pool4test8mockpoolNtB5_8MockPool13___constructor
FN:50,_RNvXNtCsfgh6le1WWC0_12vaquita_pool4testNtNtCs2crVAYTqT0N_11soroban_sdk3env3EnvNtB2_12EnvTestUtils4jump
FN:63,_RNvXNtCsfgh6le1WWC0_12vaquita_pool4testNtNtCs2crVAYTqT0N_11soroban_sdk3env3EnvNtB2_12EnvTestUtils9jump_time
FN:113,_RNvXs7_NtNtCsfgh6le1WWC0_12vaquita_pool4test8mockpoolNtNtNtCsdg8vN4VxK8K_11stellar_xdr4curr9generated5ScValINtNtCs3jiI88Gf6x3_4core7convert7TryFromRNtB5_7ReserveE8try_from
FN:122,_RNvXsj_NtNtCsfgh6le1WWC0_12vaquita_pool4test8mockpoolNtNtNtCsdg8vN4VxK8K_11stellar_xdr4curr9generated5ScValINtNtCs3jiI88Gf6x3_4core7convert7TryFromRNtB5_13ReserveConfigE8try_from
FN:140,_RNvXsv_NtNtCsfgh6le1WWC0_12vaquita_pool4test8mockpoolNtNtNtCsdg8vN4VxK8K_11stellar_xdr4curr9generated5ScValINtNtCs3jiI88Gf6x3_4core7convert7TryFromRNtB5_11ReserveDataE8try_from
FN:92,_RNvNtCsfgh6le1WWC0_12vaquita_pool4test20assert_approx_eq_rel
FN:76,_RNvXNtCsfgh6le1WWC0_12vaquita_pool4testNtNtCs2crVAYTqT0N_11soroban_sdk3env3EnvNtB2_12EnvTestUtils16set_default_info
FNDA:0,_RNvMsC_NtNtCsfgh6le1WWC0_12vaquita_pool4test8mockpoolNtB5_8MockPool10set_b_rate
FNDA:0,_RNvMsC_NtNtCsfgh6le1WWC0_12vaquita_pool4test8mockpoolNtB5_8MockPool11get_reserve
FNDA:0,_RNvMsC_NtNtCsfgh6le1WWC0_12vaquita_pool4test8mockpoolNtB5_8MockPool13___constructor
FNDA:0,_RNvXNtCsfgh6le1WWC0_12vaquita_pool4testNtNtCs2crVAYTqT0N_11soroban_sdk3env3EnvNtB2_12EnvTestUtils4jump
FNDA:0,_RNvXNtCsfgh6le1WWC0_12vaquita_pool4testNtNtCs2crVAYTqT0N_11soroban_sdk3env3EnvNtB2_12EnvTestUtils9jump_time
FNDA:0,_RNvXs7_NtNtCsfgh6le1WWC0_12vaquita_pool4test8mockpoolNtNtNtCsdg8vN4VxK8K_11stellar_xdr4curr9generated5ScValINtNtCs3jiI88Gf6x3_4core7convert7TryFromRNtB5_7ReserveE8try_from
FNDA:0,_RNvXsj_NtNtCsfgh6le1WWC0_12vaquita_pool4test8mockpoolNtNtNtCsdg8vN4VxK8K_11stellar_xdr4curr9generated5ScValINtNtCs3jiI88Gf6x3_4core7convert7TryFromRNtB5_13ReserveConfigE8try_from
FNDA:0,_RNvXsv_NtNtCsfgh6le1WWC0_12vaquita_pool4test8mockpoolNtNtNtCsdg8vN4VxK8K_11stellar_xdr4curr9generated5ScValINtNtCs3jiI88Gf6x3_4core7convert7TryFromRNtB5_11ReserveDataE8try_from
FNDA:1,_RNvNtCsfgh6le1WWC0_12vaquita_pool4test20assert_approx_eq_rel
FNDA:1,_RNvXNtCsfgh6le1WWC0_12vaquita_pool4testNtNtCs2crVAYTqT0N_11soroban_sdk3env3EnvNtB2_12EnvTestUtils16set_default_info
FNF:10
FNH:2
DA:50,0
DA:51,0
DA:52,0
DA:53,0
DA:54,0
DA:55,0
DA:56,0
DA:57,0
DA:58,0
DA:59,0
DA:60,0
DA:61,0
DA:63,0
DA:64,0
DA:65,0
DA:66,0
DA:67,0
DA:68,0
DA:69,0
DA:70,0
DA:71,0
DA:72,0
DA:73,0
DA:74,0
DA:76,1
DA:77,1
DA:78,1
DA:79,1
DA:80,1
DA:81,1
DA:82,1
DA:83,1
DA:84,1
DA:85,1
DA:86,1
DA:87,1
DA:92,1
DA:93,1
DA:95,1
DA:96,1
DA:103,1
DA:113,0
DA:122,0
DA:140,0
DA:156,0
DA:157,0
DA:158,0
DA:160,0
DA:161,0
DA:162,0
DA:165,0
DA:166,0
DA:167,0
DA:168,0
DA:169,0
DA:170,0
DA:171,0
DA:172,0
DA:173,0
DA:174,0
BRF:0
BRH:0
LF:60
LH:17
end_of_record
SF:/Users/flaura-macbook/_projects/stellar/contracts/vaquita-pool/src/test/success.rs
FN:11,_RNvNtNtCsfgh6le1WWC0_12vaquita_pool4test7successs_7success
FNDA:1,_RNvNtNtCsfgh6le1WWC0_12vaquita_pool4test7successs_7success
FNF:1
FNH:1
DA:11,1
DA:12,1
DA:13,1
DA:14,1
DA:15,1
DA:17,1
DA:18,1
DA:20,1
DA:21,1
DA:23,1
DA:24,1
DA:27,1
DA:28,1
DA:29,1
DA:32,1
DA:33,1
DA:34,1
DA:35,1
DA:36,1
DA:38,1
DA:39,1
DA:41,1
DA:42,1
DA:44,1
DA:45,1
BRF:0
BRH:0
LF:25
LH:25
end_of_record